<?xml version="1.0" encoding="UTF-8"?>
<!-- Generated by org.testng.reporters.JUnitXMLReporter -->
<testsuite ignored="14" hostname="DESKTOP-5S4BVUO" failures="0" tests="8" name="chrome" time="232.147" errors="0" timestamp="2022-05-26T15:44:15 IST">
  <testcase classname="com.vtiger.organisationTest.CreateOrganizationTest" name="createOrganizationTest" time="11.749"/>
  <testcase classname="com.vtiger.campaignTest.CreateCampaignTest" name="createCampaignTest" time="13.314"/>
  <testcase classname="com.vtiger.contactTest.CreateContactTest" name="createContactTest" time="16.692"/>
  <testcase classname="com.vtiger.organisationTest.CreateOrganisationwithIndusryandTypeTest" name="createOrganisationwithIndusryandTypeTest" time="19.539"/>
  <testcase classname="com.vtiger.campaignTest.CreateCampaignwithProductTest" name="createCampaignwithProductTest" time="29.147"/>
  <testcase classname="com.vtiger.documentTest.CreateDocumentTest" name="createDocumentTest" time="19.196"/>
  <testcase classname="com.vtiger.productTest.CreateProductTest" name="createProduct1Test" time="15.008"/>
  <testcase classname="com.vtiger.contactTest.CreateContactwithOrganisationTest" name="createContactwithOrganisationTest" time="27.428"/>
  <testcase classname="com.sdet34l1.genericLibrary.BaseClass" name="@AfterSuite afterSuiteTest" time="0.0">
    <ignored/>
  </testcase> <!-- @AfterSuite afterSuiteTest -->
  <testcase classname="com.sdet34l1.genericLibrary.BaseClass" name="@AfterSuite afterSuiteTest" time="0.0">
    <ignored/>
  </testcase> <!-- @AfterSuite afterSuiteTest -->
  <testcase classname="com.sdet34l1.genericLibrary.BaseClass" name="@AfterSuite afterSuiteTest" time="0.0">
    <ignored/>
  </testcase> <!-- @AfterSuite afterSuiteTest -->
  <testcase classname="com.sdet34l1.genericLibrary.BaseClass" name="@AfterSuite afterSuiteTest" time="0.0">
    <ignored/>
  </testcase> <!-- @AfterSuite afterSuiteTest -->
  <testcase classname="com.sdet34l1.genericLibrary.BaseClass" name="@AfterSuite afterSuiteTest" time="0.0">
    <ignored/>
  </testcase> <!-- @AfterSuite afterSuiteTest -->
  <testcase classname="com.sdet34l1.genericLibrary.BaseClass" name="@AfterSuite afterSuiteTest" time="0.0">
    <ignored/>
  </testcase> <!-- @AfterSuite afterSuiteTest -->
  <testcase classname="com.sdet34l1.genericLibrary.BaseClass" name="@AfterSuite afterSuiteTest" time="0.0">
    <ignored/>
  </testcase> <!-- @AfterSuite afterSuiteTest -->
  <testcase classname="com.sdet34l1.genericLibrary.BaseClass" name="@BeforeSuite beforSuiteTest" time="0.0">
    <ignored/>
  </testcase> <!-- @BeforeSuite beforSuiteTest -->
  <testcase classname="com.sdet34l1.genericLibrary.BaseClass" name="@BeforeSuite beforSuiteTest" time="0.0">
    <ignored/>
  </testcase> <!-- @BeforeSuite beforSuiteTest -->
  <testcase classname="com.sdet34l1.genericLibrary.BaseClass" name="@BeforeSuite beforSuiteTest" time="0.0">
    <ignored/>
  </testcase> <!-- @BeforeSuite beforSuiteTest -->
  <testcase classname="com.sdet34l1.genericLibrary.BaseClass" name="@BeforeSuite beforSuiteTest" time="0.0">
    <ignored/>
  </testcase> <!-- @BeforeSuite beforSuiteTest -->
  <testcase classname="com.sdet34l1.genericLibrary.BaseClass" name="@BeforeSuite beforSuiteTest" time="0.0">
    <ignored/>
  </testcase> <!-- @BeforeSuite beforSuiteTest -->
  <testcase classname="com.sdet34l1.genericLibrary.BaseClass" name="@BeforeSuite beforSuiteTest" time="0.0">
    <ignored/>
  </testcase> <!-- @BeforeSuite beforSuiteTest -->
  <testcase classname="com.sdet34l1.genericLibrary.BaseClass" name="@BeforeSuite beforSuiteTest" time="0.0">
    <ignored/>
  </testcase> <!-- @BeforeSuite beforSuiteTest -->
</testsuite> <!-- chrome -->
