<?xml version="1.0" encoding="UTF-8"?>
<!-- Generated by org.testng.reporters.JUnitXMLReporter -->
<testsuite ignored="14" hostname="DESKTOP-5S4BVUO" failures="0" tests="8" name="edge" time="234.941" errors="0" timestamp="2022-05-26T15:44:18 IST">
  <testcase classname="com.vtiger.organisationTest.CreateOrganizationTest" name="createOrganizationTest" time="15.953"/>
  <testcase classname="com.vtiger.campaignTest.CreateCampaignTest" name="createCampaignTest" time="12.689"/>
  <testcase classname="com.vtiger.contactTest.CreateContactTest" name="createContactTest" time="16.798"/>
  <testcase classname="com.vtiger.organisationTest.CreateOrganisationwithIndusryandTypeTest" name="createOrganisationwithIndusryandTypeTest" time="16.397"/>
  <testcase classname="com.vtiger.campaignTest.CreateCampaignwithProductTest" name="createCampaignwithProductTest" time="26.093"/>
  <testcase classname="com.vtiger.documentTest.CreateDocumentTest" name="createDocumentTest" time="14.737"/>
  <testcase classname="com.vtiger.productTest.CreateProductTest" name="createProduct1Test" time="14.793"/>
  <testcase classname="com.vtiger.contactTest.CreateContactwithOrganisationTest" name="createContactwithOrganisationTest" time="25.59"/>
  <testcase classname="com.sdet34l1.genericLibrary.BaseClass" name="@AfterSuite afterSuiteTest" time="0.0">
    <ignored/>
  </testcase> <!-- @AfterSuite afterSuiteTest -->
  <testcase classname="com.sdet34l1.genericLibrary.BaseClass" name="@AfterSuite afterSuiteTest" time="0.0">
    <ignored/>
  </testcase> <!-- @AfterSuite afterSuiteTest -->
  <testcase classname="com.sdet34l1.genericLibrary.BaseClass" name="@AfterSuite afterSuiteTest" time="0.0">
    <ignored/>
  </testcase> <!-- @AfterSuite afterSuiteTest -->
  <testcase classname="com.sdet34l1.genericLibrary.BaseClass" name="@AfterSuite afterSuiteTest" time="0.0">
    <ignored/>
  </testcase> <!-- @AfterSuite afterSuiteTest -->
  <testcase classname="com.sdet34l1.genericLibrary.BaseClass" name="@AfterSuite afterSuiteTest" time="0.0">
    <ignored/>
  </testcase> <!-- @AfterSuite afterSuiteTest -->
  <testcase classname="com.sdet34l1.genericLibrary.BaseClass" name="@AfterSuite afterSuiteTest" time="0.0">
    <ignored/>
  </testcase> <!-- @AfterSuite afterSuiteTest -->
  <testcase classname="com.sdet34l1.genericLibrary.BaseClass" name="@AfterSuite afterSuiteTest" time="0.0">
    <ignored/>
  </testcase> <!-- @AfterSuite afterSuiteTest -->
  <testcase classname="com.sdet34l1.genericLibrary.BaseClass" name="@BeforeSuite beforSuiteTest" time="0.0">
    <ignored/>
  </testcase> <!-- @BeforeSuite beforSuiteTest -->
  <testcase classname="com.sdet34l1.genericLibrary.BaseClass" name="@BeforeSuite beforSuiteTest" time="0.0">
    <ignored/>
  </testcase> <!-- @BeforeSuite beforSuiteTest -->
  <testcase classname="com.sdet34l1.genericLibrary.BaseClass" name="@BeforeSuite beforSuiteTest" time="0.0">
    <ignored/>
  </testcase> <!-- @BeforeSuite beforSuiteTest -->
  <testcase classname="com.sdet34l1.genericLibrary.BaseClass" name="@BeforeSuite beforSuiteTest" time="0.0">
    <ignored/>
  </testcase> <!-- @BeforeSuite beforSuiteTest -->
  <testcase classname="com.sdet34l1.genericLibrary.BaseClass" name="@BeforeSuite beforSuiteTest" time="0.0">
    <ignored/>
  </testcase> <!-- @BeforeSuite beforSuiteTest -->
  <testcase classname="com.sdet34l1.genericLibrary.BaseClass" name="@BeforeSuite beforSuiteTest" time="0.0">
    <ignored/>
  </testcase> <!-- @BeforeSuite beforSuiteTest -->
  <testcase classname="com.sdet34l1.genericLibrary.BaseClass" name="@BeforeSuite beforSuiteTest" time="0.0">
    <ignored/>
  </testcase> <!-- @BeforeSuite beforSuiteTest -->
</testsuite> <!-- edge -->
