<?xml version="1.0" encoding="UTF-8"?>
<!-- Generated by org.testng.reporters.JUnitXMLReporter -->
<testsuite ignored="8" hostname="DESKTOP-5S4BVUO" failures="0" tests="5" name="Test2" time="111.84" errors="0" timestamp="2022-05-20T11:04:20 IST">
  <testcase classname="com.vtiger.organisationTest.CreateOrganizationTest" name="createOrganizationTest" time="21.764"/>
  <testcase classname="com.vtiger.organisationTest.CreateOrganisationwithIndusryandTypeTest" name="createOrganisationwithIndusryandTypeTest" time="22.78"/>
  <testcase classname="com.vtiger.campaignTest.CreateCampaignTest" name="createCampaignTest" time="20.909"/>
  <testcase classname="com.vtiger.campaignTest.CreateCampaignwithProductTest" name="createCampaignwithProductTest" time="35.03"/>
  <testcase classname="com.vtiger.contactTest.CreateContactTest" name="createContactTest" time="10.176"/>
  <testcase classname="com.sdet34l1.genericLibrary.BaseClass" name="@AfterSuite afterSuiteTest" time="0.0">
    <ignored/>
  </testcase> <!-- @AfterSuite afterSuiteTest -->
  <testcase classname="com.sdet34l1.genericLibrary.BaseClass" name="@AfterSuite afterSuiteTest" time="0.0">
    <ignored/>
  </testcase> <!-- @AfterSuite afterSuiteTest -->
  <testcase classname="com.sdet34l1.genericLibrary.BaseClass" name="@AfterSuite afterSuiteTest" time="0.0">
    <ignored/>
  </testcase> <!-- @AfterSuite afterSuiteTest -->
  <testcase classname="com.sdet34l1.genericLibrary.BaseClass" name="@AfterSuite afterSuiteTest" time="0.0">
    <ignored/>
  </testcase> <!-- @AfterSuite afterSuiteTest -->
  <testcase classname="com.sdet34l1.genericLibrary.BaseClass" name="@BeforeSuite beforSuiteTest" time="0.0">
    <ignored/>
  </testcase> <!-- @BeforeSuite beforSuiteTest -->
  <testcase classname="com.sdet34l1.genericLibrary.BaseClass" name="@BeforeSuite beforSuiteTest" time="0.0">
    <ignored/>
  </testcase> <!-- @BeforeSuite beforSuiteTest -->
  <testcase classname="com.sdet34l1.genericLibrary.BaseClass" name="@BeforeSuite beforSuiteTest" time="0.0">
    <ignored/>
  </testcase> <!-- @BeforeSuite beforSuiteTest -->
  <testcase classname="com.sdet34l1.genericLibrary.BaseClass" name="@BeforeSuite beforSuiteTest" time="0.0">
    <ignored/>
  </testcase> <!-- @BeforeSuite beforSuiteTest -->
</testsuite> <!-- Test2 -->
