<?xml version="1.0" encoding="UTF-8"?>
<!-- Generated by org.testng.reporters.JUnitXMLReporter -->
<testsuite ignored="6" hostname="DESKTOP-5S4BVUO" failures="0" tests="4" name="Test1" time="93.704" errors="0" timestamp="2022-05-20T11:04:02 IST">
  <testcase classname="com.vtiger.contactTest.CreateContactTest" name="createContactTest" time="23.656"/>
  <testcase classname="com.vtiger.documentTest.CreateDocumentTest" name="createDocumentTest" time="24.029"/>
  <testcase classname="com.vtiger.productTest.CreateProductTest" name="createProduct1Test" time="22.309"/>
  <testcase classname="com.vtiger.contactTest.CreateContactwithOrganisationTest" name="createContactwithOrganisationTest" time="38.626"/>
  <testcase classname="com.sdet34l1.genericLibrary.BaseClass" name="@AfterSuite afterSuiteTest" time="0.0">
    <ignored/>
  </testcase> <!-- @AfterSuite afterSuiteTest -->
  <testcase classname="com.sdet34l1.genericLibrary.BaseClass" name="@AfterSuite afterSuiteTest" time="0.0">
    <ignored/>
  </testcase> <!-- @AfterSuite afterSuiteTest -->
  <testcase classname="com.sdet34l1.genericLibrary.BaseClass" name="@AfterSuite afterSuiteTest" time="0.0">
    <ignored/>
  </testcase> <!-- @AfterSuite afterSuiteTest -->
  <testcase classname="com.sdet34l1.genericLibrary.BaseClass" name="@BeforeSuite beforSuiteTest" time="0.0">
    <ignored/>
  </testcase> <!-- @BeforeSuite beforSuiteTest -->
  <testcase classname="com.sdet34l1.genericLibrary.BaseClass" name="@BeforeSuite beforSuiteTest" time="0.0">
    <ignored/>
  </testcase> <!-- @BeforeSuite beforSuiteTest -->
  <testcase classname="com.sdet34l1.genericLibrary.BaseClass" name="@BeforeSuite beforSuiteTest" time="0.0">
    <ignored/>
  </testcase> <!-- @BeforeSuite beforSuiteTest -->
</testsuite> <!-- Test1 -->
