<?xml version="1.0" encoding="UTF-8"?>
<testng-results ignored="0" total="1" passed="1" failed="0" skipped="0">
  <reporter-output>
  </reporter-output>
  <suite started-at="2022-05-26T15:46:40 IST" name="Suite" finished-at="2022-05-26T15:46:59 IST" duration-ms="19055">
    <groups>
      <group name="sanity">
        <method signature="CreateContactTest.createContactTest()[pri:0, instance:com.vtiger.contactTest.CreateContactTest@4d178d55]" name="createContactTest" class="com.vtiger.contactTest.CreateContactTest"/>
      </group> <!-- sanity -->
    </groups>
    <test started-at="2022-05-26T15:46:40 IST" name="Test" finished-at="2022-05-26T15:46:59 IST" duration-ms="19055">
      <class name="com.vtiger.contactTest.CreateContactTest">
        <test-method is-config="true" signature="beforSuiteTest()[pri:0, instance:com.vtiger.contactTest.CreateContactTest@4d178d55]" started-at="2022-05-26T15:46:40 IST" name="beforSuiteTest" finished-at="2022-05-26T15:46:40 IST" duration-ms="30" status="PASS">
          <reporter-output>
          </reporter-output>
        </test-method> <!-- beforSuiteTest -->
        <test-method is-config="true" signature="beforeClassTest(java.lang.String)[pri:0, instance:com.vtiger.contactTest.CreateContactTest@4d178d55]" started-at="2022-05-26T15:46:41 IST" name="beforeClassTest" finished-at="2022-05-26T15:46:46 IST" duration-ms="5259" status="PASS">
          <params>
            <param index="0">
              <value>
                <![CDATA[chrome]]>
              </value>
            </param>
          </params>
          <reporter-output>
          </reporter-output>
        </test-method> <!-- beforeClassTest -->
        <test-method is-config="true" signature="beforeMethodTest()[pri:0, instance:com.vtiger.contactTest.CreateContactTest@4d178d55]" started-at="2022-05-26T15:46:46 IST" name="beforeMethodTest" finished-at="2022-05-26T15:46:49 IST" duration-ms="2573" status="PASS">
          <reporter-output>
          </reporter-output>
        </test-method> <!-- beforeMethodTest -->
        <test-method signature="createContactTest()[pri:0, instance:com.vtiger.contactTest.CreateContactTest@4d178d55]" started-at="2022-05-26T15:46:49 IST" name="createContactTest" finished-at="2022-05-26T15:46:58 IST" duration-ms="8662" status="PASS">
          <reporter-output>
          </reporter-output>
        </test-method> <!-- createContactTest -->
        <test-method is-config="true" signature="afterMethodTest()[pri:0, instance:com.vtiger.contactTest.CreateContactTest@4d178d55]" started-at="2022-05-26T15:46:58 IST" name="afterMethodTest" finished-at="2022-05-26T15:46:59 IST" duration-ms="1215" status="PASS">
          <reporter-output>
          </reporter-output>
        </test-method> <!-- afterMethodTest -->
        <test-method is-config="true" signature="afterClassTest()[pri:0, instance:com.vtiger.contactTest.CreateContactTest@4d178d55]" started-at="2022-05-26T15:46:59 IST" name="afterClassTest" finished-at="2022-05-26T15:46:59 IST" duration-ms="229" status="PASS">
          <reporter-output>
          </reporter-output>
        </test-method> <!-- afterClassTest -->
        <test-method is-config="true" signature="afterSuiteTest()[pri:0, instance:com.vtiger.contactTest.CreateContactTest@4d178d55]" started-at="2022-05-26T15:47:00 IST" name="afterSuiteTest" finished-at="2022-05-26T15:47:00 IST" duration-ms="1" status="PASS">
          <reporter-output>
          </reporter-output>
        </test-method> <!-- afterSuiteTest -->
      </class> <!-- com.vtiger.contactTest.CreateContactTest -->
    </test> <!-- Test -->
  </suite> <!-- Suite -->
</testng-results>
